<?xml version="1.0" encoding="UTF-8"?>
<testng-results skipped="0" failed="0" ignored="0" total="1" passed="1">
  <reporter-output>
  </reporter-output>
  <suite name="Default suite" duration-ms="51" started-at="2019-05-22T05:32:06Z" finished-at="2019-05-22T05:32:06Z">
    <groups>
    </groups>
    <test name="Default test" duration-ms="51" started-at="2019-05-22T05:32:06Z" finished-at="2019-05-22T05:32:06Z">
      <class name="com.fbk.TestCases.TestCase">
        <test-method status="PASS" signature="add()[pri:0, instance:com.fbk.TestCases.TestCase@457e2f02]" name="add" duration-ms="15" started-at="2019-05-22T05:32:06Z" finished-at="2019-05-22T05:32:06Z">
          <reporter-output>
          </reporter-output>
        </test-method> <!-- add -->
      </class> <!-- com.fbk.TestCases.TestCase -->
    </test> <!-- Default test -->
  </suite> <!-- Default suite -->
</testng-results>
